2014/09/09 20:30:45 Packer Version: 0.5.1  eeefde8fc71444fdfc77711dc0e2789fa9b3b7d2
2014/09/09 20:30:45 Packer Target OS/Arch: linux amd64
2014/09/09 20:30:45 Built with Go Version: go1.2
2014/09/09 20:30:45 Detected home directory from env var: /home/vagrant
2014/09/09 20:30:45 Attempting to open config file: /home/vagrant/.packerconfig
2014/09/09 20:30:45 File doesn't exist, but doesn't need to. Ignoring.
2014/09/09 20:30:45 Packer config: &{PluginMinPort:0 PluginMaxPort:0 Builders:map[amazon-ebs:packer-builder-amazon-ebs amazon-chroot:packer-builder-amazon-chroot amazon-instance:packer-builder-amazon-instance digitalocean:packer-builder-digitalocean docker:packer-builder-docker googlecompute:packer-builder-googlecompute openstack:packer-builder-openstack qemu:packer-builder-qemu virtualbox-iso:packer-builder-virtualbox-iso virtualbox-ovf:packer-builder-virtualbox-ovf vmware-iso:packer-builder-vmware-iso vmware-vmx:packer-builder-vmware-vmx] Commands:map[build:packer-command-build fix:packer-command-fix inspect:packer-command-inspect validate:packer-command-validate] PostProcessors:map[vagrant:packer-post-processor-vagrant vsphere:packer-post-processor-vsphere] Provisioners:map[ansible-local:packer-provisioner-ansible-local chef-solo:packer-provisioner-chef-solo file:packer-provisioner-file puppet-masterless:packer-provisioner-puppet-masterless shell:packer-provisioner-shell salt-masterless:packer-provisioner-salt-masterless]}
2014/09/09 20:30:45 Setting cache directory: /vagrant/packer_cache
2014/09/09 20:30:45 Environment.Cli: []string{"build", "containers/worker-ec2.json"}
2014/09/09 20:30:45 command + args: []string{"build", "containers/worker-ec2.json"}
2014/09/09 20:30:45 Loading command: build
2014/09/09 20:30:45 Plugin could not be found. Checking same directory as executable.
2014/09/09 20:30:45 Current exe path: /usr/local/packer-0.5.1/packer
2014/09/09 20:30:45 Creating plugin client for path: /usr/local/packer-0.5.1/packer-command-build
2014/09/09 20:30:45 Starting plugin: /usr/local/packer-0.5.1/packer-command-build []string{"/usr/local/packer-0.5.1/packer-command-build"}
2014/09/09 20:30:45 Waiting for RPC address for: /usr/local/packer-0.5.1/packer-command-build
2014/09/09 20:30:45 /usr/local/packer-0.5.1/packer-command-build: 2014/09/09 20:30:45 Plugin build against Packer 'eeefde8fc71444fdfc77711dc0e2789fa9b3b7d2'
2014/09/09 20:30:45 /usr/local/packer-0.5.1/packer-command-build: 2014/09/09 20:30:45 Plugin minimum port: 10000
2014/09/09 20:30:45 /usr/local/packer-0.5.1/packer-command-build: 2014/09/09 20:30:45 Plugin maximum port: 25000
2014/09/09 20:30:45 /usr/local/packer-0.5.1/packer-command-build: 2014/09/09 20:30:45 Plugin address: unix /tmp/packer-plugin843930792
2014/09/09 20:30:45 /usr/local/packer-0.5.1/packer-command-build: 2014/09/09 20:30:45 Waiting for connection...
2014/09/09 20:30:45 /usr/local/packer-0.5.1/packer-command-build: 2014/09/09 20:30:45 Serving a plugin connection...
2014/09/09 20:30:45 Executing command: build
2014/09/09 20:30:45 /usr/local/packer-0.5.1/packer-command-build: 2014/09/09 20:30:45 Reading template: containers/worker-ec2.json
2014/09/09 20:30:45 /usr/local/packer-0.5.1/packer-command-build: 2014/09/09 20:30:45 Creating build: amazon-ebs
2014/09/09 20:30:45 Loading builder: amazon-ebs
2014/09/09 20:30:45 Plugin could not be found. Checking same directory as executable.
2014/09/09 20:30:45 Current exe path: /usr/local/packer-0.5.1/packer
2014/09/09 20:30:45 Creating plugin client for path: /usr/local/packer-0.5.1/packer-builder-amazon-ebs
2014/09/09 20:30:45 Starting plugin: /usr/local/packer-0.5.1/packer-builder-amazon-ebs []string{"/usr/local/packer-0.5.1/packer-builder-amazon-ebs"}
2014/09/09 20:30:45 Waiting for RPC address for: /usr/local/packer-0.5.1/packer-builder-amazon-ebs
2014/09/09 20:30:45 /usr/local/packer-0.5.1/packer-builder-amazon-ebs: 2014/09/09 20:30:45 Plugin build against Packer 'eeefde8fc71444fdfc77711dc0e2789fa9b3b7d2'
2014/09/09 20:30:45 /usr/local/packer-0.5.1/packer-builder-amazon-ebs: 2014/09/09 20:30:45 Plugin minimum port: 10000
2014/09/09 20:30:45 /usr/local/packer-0.5.1/packer-builder-amazon-ebs: 2014/09/09 20:30:45 Plugin maximum port: 25000
2014/09/09 20:30:45 /usr/local/packer-0.5.1/packer-builder-amazon-ebs: 2014/09/09 20:30:45 Plugin address: unix /tmp/packer-plugin699707154
2014/09/09 20:30:45 /usr/local/packer-0.5.1/packer-builder-amazon-ebs: 2014/09/09 20:30:45 Waiting for connection...
2014/09/09 20:30:45 /usr/local/packer-0.5.1/packer-builder-amazon-ebs: 2014/09/09 20:30:45 Serving a plugin connection...
2014/09/09 20:30:45 Loading provisioner: file
2014/09/09 20:30:45 Plugin could not be found. Checking same directory as executable.
2014/09/09 20:30:45 Current exe path: /usr/local/packer-0.5.1/packer
2014/09/09 20:30:45 Creating plugin client for path: /usr/local/packer-0.5.1/packer-provisioner-file
2014/09/09 20:30:45 Starting plugin: /usr/local/packer-0.5.1/packer-provisioner-file []string{"/usr/local/packer-0.5.1/packer-provisioner-file"}
2014/09/09 20:30:45 Waiting for RPC address for: /usr/local/packer-0.5.1/packer-provisioner-file
2014/09/09 20:30:45 /usr/local/packer-0.5.1/packer-provisioner-file: 2014/09/09 20:30:45 Plugin build against Packer 'eeefde8fc71444fdfc77711dc0e2789fa9b3b7d2'
2014/09/09 20:30:45 /usr/local/packer-0.5.1/packer-provisioner-file: 2014/09/09 20:30:45 Plugin minimum port: 10000
2014/09/09 20:30:45 /usr/local/packer-0.5.1/packer-provisioner-file: 2014/09/09 20:30:45 Plugin maximum port: 25000
2014/09/09 20:30:45 /usr/local/packer-0.5.1/packer-provisioner-file: 2014/09/09 20:30:45 Plugin address: unix /tmp/packer-plugin887982068
2014/09/09 20:30:45 /usr/local/packer-0.5.1/packer-provisioner-file: 2014/09/09 20:30:45 Waiting for connection...
2014/09/09 20:30:45 /usr/local/packer-0.5.1/packer-provisioner-file: 2014/09/09 20:30:45 Serving a plugin connection...
2014/09/09 20:30:45 ui: [1;32mamazon-ebs output will be in this color.[0m
2014/09/09 20:30:45 ui: 
2014/09/09 20:30:45 /usr/local/packer-0.5.1/packer-command-build: 2014/09/09 20:30:45 Build debug mode: false
2014/09/09 20:30:45 /usr/local/packer-0.5.1/packer-command-build: 2014/09/09 20:30:45 Force build: false
2014/09/09 20:30:45 /usr/local/packer-0.5.1/packer-command-build: 2014/09/09 20:30:45 Preparing build: amazon-ebs
2014/09/09 20:30:45 /usr/local/packer-0.5.1/packer-builder-amazon-ebs: 2014/09/09 20:30:45 Config: {PackerConfig:{PackerBuildName:amazon-ebs PackerBuilderType:amazon-ebs PackerDebug:false PackerForce:false PackerUserVars:map[]} AccessConfig:{AccessKey:<Filtered> SecretKey:<Filtered> RawRegion:us-east-1} AMIConfig:{AMIName:worker 1410294645 AMIDescription: AMIUsers:[] AMIGroups:[] AMIProductCodes:[] AMIRegions:[] AMITags:map[]} BlockDevices:{AMIMappings:[] LaunchMappings:[]} RunConfig:{AssociatePublicIpAddress:false AvailabilityZone: IamInstanceProfile: InstanceType:t1.micro RunTags:map[] SourceAmi:ami-de0d9eb7 RawSSHTimeout:1m SSHUsername:ubuntu SSHPort:22 SecurityGroupId: SecurityGroupIds:[] SubnetId: TemporaryKeyPairName:packer 540f6375-ea6a-372b-da13-335dd1584d0c UserData: UserDataFile: VpcId: sshTimeout:60000000000} tpl:0xc2100c4c40}
2014/09/09 20:30:45 /usr/local/packer-0.5.1/packer-command-build: 2014/09/09 20:30:45 Waiting on builds to complete...
2014/09/09 20:30:45 /usr/local/packer-0.5.1/packer-command-build: 2014/09/09 20:30:45 Starting build run: amazon-ebs
2014/09/09 20:30:45 /usr/local/packer-0.5.1/packer-command-build: 2014/09/09 20:30:45 Running builder: amazon-ebs
2014/09/09 20:30:45 ui: [1;32m==> amazon-ebs: Creating temporary keypair: packer 540f6375-ea6a-372b-da13-335dd1584d0c[0m
2014/09/09 20:30:52 ui: [1;32m==> amazon-ebs: Creating temporary security group for this instance...[0m
2014/09/09 20:30:52 /usr/local/packer-0.5.1/packer-builder-amazon-ebs: 2014/09/09 20:30:52 Temporary group name: packer 540f637c-9413-05ab-a2a4-8a7f8ae0aa55
2014/09/09 20:30:57 ui: [1;32m==> amazon-ebs: Authorizing SSH access on the temporary security group...[0m
2014/09/09 20:31:03 ui: [1;32m==> amazon-ebs: Launching a source AWS instance...[0m
2014/09/09 20:31:14 ui: [0;32m    amazon-ebs: Instance ID: i-0e0bfee0[0m
2014/09/09 20:31:19 ui: [1;32m==> amazon-ebs: Waiting for instance (i-0e0bfee0) to become ready...[0m
2014/09/09 20:31:19 /usr/local/packer-0.5.1/packer-builder-amazon-ebs: 2014/09/09 20:31:19 Waiting for state to become: running
2014/09/09 20:31:31 /usr/local/packer-0.5.1/packer-builder-amazon-ebs: 2014/09/09 20:31:31 Waiting for SSH, up to timeout: 1m0s
2014/09/09 20:31:31 ui: [1;32m==> amazon-ebs: Waiting for SSH to become available...[0m
2014/09/09 20:31:56 /usr/local/packer-0.5.1/packer-builder-amazon-ebs: 2014/09/09 20:31:56 TCP connection to SSH ip/port failed: dial tcp 54.86.86.10:22: i/o timeout
2014/09/09 20:32:05 /usr/local/packer-0.5.1/packer-builder-amazon-ebs: 2014/09/09 20:32:05 Attempting SSH connection...
2014/09/09 20:32:05 /usr/local/packer-0.5.1/packer-builder-amazon-ebs: 2014/09/09 20:32:05 reconnecting to TCP connection for SSH
2014/09/09 20:32:10 /usr/local/packer-0.5.1/packer-builder-amazon-ebs: 2014/09/09 20:32:10 handshaking with SSH
2014/09/09 20:32:12 ui: [1;32m==> amazon-ebs: Connected to SSH![0m
2014/09/09 20:32:12 /usr/local/packer-0.5.1/packer-builder-amazon-ebs: 2014/09/09 20:32:12 Running the provision hook
2014/09/09 20:32:12 ui: [1;32m==> amazon-ebs: Uploading nodejs.tar => /tmp/nodejs.tar[0m
2014/09/09 20:32:12 /usr/local/packer-0.5.1/packer-builder-amazon-ebs: 2014/09/09 20:32:12 opening new ssh session
2014/09/09 20:32:15 /usr/local/packer-0.5.1/packer-builder-amazon-ebs: 2014/09/09 20:32:15 [INFO] Mux connection loop exiting
2014/09/09 20:32:15 /usr/local/packer-0.5.1/packer-builder-amazon-ebs: panic: Failed to write data, buffer full for stream 2
2014/09/09 20:32:15 /usr/local/packer-0.5.1/packer-builder-amazon-ebs: 
2014/09/09 20:32:15 /usr/local/packer-0.5.1/packer-builder-amazon-ebs: goroutine 7 [running]:
2014/09/09 20:32:15 /usr/local/packer-0.5.1/packer-builder-amazon-ebs: runtime.panic(0x6bf5a0, 0xc210219b50)
2014/09/09 20:32:15 /usr/local/packer-0.5.1/packer-builder-amazon-ebs: 	/Users/mitchellh/go/src/pkg/runtime/panic.c:266 +0xb6
2014/09/09 20:32:15 /usr/local/packer-0.5.1/packer-builder-amazon-ebs: github.com/mitchellh/packer/packer/rpc.(*MuxConn).loop(0xc210051ee0)
2014/09/09 20:32:15 /usr/local/packer-0.5.1/packer-builder-amazon-ebs: 	/Users/mitchellh/code/go/src/github.com/mitchellh/packer/packer/rpc/muxconn.go:415 +0x14c1
2014/09/09 20:32:15 /usr/local/packer-0.5.1/packer-builder-amazon-ebs: created by github.com/mitchellh/packer/packer/rpc.NewMuxConn
2014/09/09 20:32:15 /usr/local/packer-0.5.1/packer-builder-amazon-ebs: 	/Users/mitchellh/code/go/src/github.com/mitchellh/packer/packer/rpc/muxconn.go:72 +0xf4
2014/09/09 20:32:15 /usr/local/packer-0.5.1/packer-builder-amazon-ebs: 
2014/09/09 20:32:15 /usr/local/packer-0.5.1/packer-builder-amazon-ebs: goroutine 1 [semacquire]:
2014/09/09 20:32:15 /usr/local/packer-0.5.1/packer-builder-amazon-ebs: sync.runtime_Syncsemacquire(0xc21007a1c0)
2014/09/09 20:32:15 /usr/local/packer-0.5.1/packer-builder-amazon-ebs: 	/Users/mitchellh/go/src/pkg/runtime/sema.goc:257 +0xca
2014/09/09 20:32:15 /usr/local/packer-0.5.1/packer-builder-amazon-ebs: sync.(*Cond).Wait(0xc21007a1b0)
2014/09/09 20:32:15 /usr/local/packer-0.5.1/packer-builder-amazon-ebs: 	/Users/mitchellh/go/src/pkg/sync/cond.go:62 +0x89
2014/09/09 20:32:15 /usr/local/packer-0.5.1/packer-builder-amazon-ebs: io.(*pipe).read(0xc21007a180, 0xc2100b2000, 0x1000, 0x1000, 0x0, ...)
2014/09/09 20:32:15 /usr/local/packer-0.5.1/packer-builder-amazon-ebs: 	/Users/mitchellh/go/src/pkg/io/pipe.go:52 +0x245
2014/09/09 20:32:15 /usr/local/packer-0.5.1/packer-builder-amazon-ebs: io.(*PipeReader).Read(0xc2100003c0, 0xc2100b2000, 0x1000, 0x1000, 0x0, ...)
2014/09/09 20:32:15 /usr/local/packer-0.5.1/packer-builder-amazon-ebs: 	/Users/mitchellh/go/src/pkg/io/pipe.go:134 +0x5f
2014/09/09 20:32:15 /usr/local/packer-0.5.1/packer-builder-amazon-ebs: github.com/mitchellh/packer/packer/rpc.(*Stream).Read(0xc21004f480, 0xc2100b2000, 0x1000, 0x1000, 0x55400055, ...)
2014/09/09 20:32:15 /usr/local/packer-0.5.1/packer-builder-amazon-ebs: 	/Users/mitchellh/code/go/src/github.com/mitchellh/packer/packer/rpc/muxconn.go:545 +0x53
2014/09/09 20:32:15 /usr/local/packer-0.5.1/packer-builder-amazon-ebs: bufio.(*Reader).fill(0xc21004f4e0)
2014/09/09 20:32:15 /usr/local/packer-0.5.1/packer-builder-amazon-ebs: 	/Users/mitchellh/go/src/pkg/bufio/bufio.go:91 +0x110
2014/09/09 20:32:15 /usr/local/packer-0.5.1/packer-builder-amazon-ebs: bufio.(*Reader).Read(0xc21004f4e0, 0xc21000ac70, 0x1, 0x9, 0x1, ...)
2014/09/09 20:32:15 /usr/local/packer-0.5.1/packer-builder-amazon-ebs: 	/Users/mitchellh/go/src/pkg/bufio/bufio.go:159 +0x1a4
2014/09/09 20:32:15 /usr/local/packer-0.5.1/packer-builder-amazon-ebs: io.ReadAtLeast(0x7f2398dd6ae8, 0xc21004f4e0, 0xc21000ac70, 0x1, 0x9, ...)
2014/09/09 20:32:15 /usr/local/packer-0.5.1/packer-builder-amazon-ebs: 	/Users/mitchellh/go/src/pkg/io/io.go:288 +0xf6
2014/09/09 20:32:15 /usr/local/packer-0.5.1/packer-builder-amazon-ebs: io.ReadFull(0x7f2398dd6ae8, 0xc21004f4e0, 0xc21000ac70, 0x1, 0x9, ...)
2014/09/09 20:32:15 /usr/local/packer-0.5.1/packer-builder-amazon-ebs: 	/Users/mitchellh/go/src/pkg/io/io.go:306 +0x71
2014/09/09 20:32:15 /usr/local/packer-0.5.1/packer-builder-amazon-ebs: encoding/gob.decodeUintReader(0x7f2398dd6ae8, 0xc21004f4e0, 0xc21000ac70, 0x9, 0x9, ...)
2014/09/09 20:32:15 /usr/local/packer-0.5.1/packer-builder-amazon-ebs: 	/Users/mitchellh/go/src/pkg/encoding/gob/decode.go:66 +0x98
2014/09/09 20:32:15 /usr/local/packer-0.5.1/packer-builder-amazon-ebs: encoding/gob.(*Decoder).recvMessage(0xc21007b0f0, 0xc210054dc0)
2014/09/09 20:32:15 /usr/local/packer-0.5.1/packer-builder-amazon-ebs: 	/Users/mitchellh/go/src/pkg/encoding/gob/decoder.go:73 +0x57
2014/09/09 20:32:15 /usr/local/packer-0.5.1/packer-builder-amazon-ebs: encoding/gob.(*Decoder).decodeTypeSequence(0xc21007b0f0, 0xc21007c600, 0x160)
2014/09/09 20:32:15 /usr/local/packer-0.5.1/packer-builder-amazon-ebs: 	/Users/mitchellh/go/src/pkg/encoding/gob/decoder.go:159 +0x49
2014/09/09 20:32:15 /usr/local/packer-0.5.1/packer-builder-amazon-ebs: encoding/gob.(*Decoder).DecodeValue(0xc21007b0f0, 0x6a35a0, 0xc21007c640, 0x160, 0x0, ...)
2014/09/09 20:32:15 /usr/local/packer-0.5.1/packer-builder-amazon-ebs: 	/Users/mitchellh/go/src/pkg/encoding/gob/decoder.go:223 +0x12e
2014/09/09 20:32:15 /usr/local/packer-0.5.1/packer-builder-amazon-ebs: encoding/gob.(*Decoder).Decode(0xc21007b0f0, 0x6a35a0, 0xc21007c640, 0x0, 0x0)
2014/09/09 20:32:15 /usr/local/packer-0.5.1/packer-builder-amazon-ebs: 	/Users/mitchellh/go/src/pkg/encoding/gob/decoder.go:202 +0x1c5
2014/09/09 20:32:15 /usr/local/packer-0.5.1/packer-builder-amazon-ebs: net/rpc.(*gobServerCodec).ReadRequestHeader(0xc210095360, 0xc21007c640, 0x41fe31, 0x8)
2014/09/09 20:32:15 /usr/local/packer-0.5.1/packer-builder-amazon-ebs: 	/Users/mitchellh/go/src/pkg/net/rpc/server.go:400 +0x3f
2014/09/09 20:32:15 /usr/local/packer-0.5.1/packer-builder-amazon-ebs: net/rpc.(*Server).readRequestHeader(0xc210057980, 0x7f2398dd6b38, 0xc210095360, 0x0, 0x0, ...)
2014/09/09 20:32:15 /usr/local/packer-0.5.1/packer-builder-amazon-ebs: 	/Users/mitchellh/go/src/pkg/net/rpc/server.go:551 +0x9b
2014/09/09 20:32:15 /usr/local/packer-0.5.1/packer-builder-amazon-ebs: net/rpc.(*Server).readRequest(0xc210057980, 0x7f2398dd6b38, 0xc210095360, 0xc210062b00, 0xc21007cf60, ...)
2014/09/09 20:32:15 /usr/local/packer-0.5.1/packer-builder-amazon-ebs: 	/Users/mitchellh/go/src/pkg/net/rpc/server.go:518 +0xa0
2014/09/09 20:32:15 /usr/local/packer-0.5.1/packer-builder-amazon-ebs: net/rpc.(*Server).ServeCodec(0xc210057980, 0x7f2398dd6b38, 0xc210095360)
2014/09/09 20:32:15 /usr/local/packer-0.5.1/packer-builder-amazon-ebs: 	/Users/mitchellh/go/src/pkg/net/rpc/server.go:437 +0x66
2014/09/09 20:32:15 /usr/local/packer-0.5.1/packer-builder-amazon-ebs: net/rpc.(*Server).ServeConn(0xc210057980, 0x7f2398dd6a38, 0xc21004f480)
2014/09/09 20:32:15 /usr/local/packer-0.5.1/packer-builder-amazon-ebs: 	/Users/mitchellh/go/src/pkg/net/rpc/server.go:429 +0x140
2014/09/09 20:32:15 /usr/local/packer-0.5.1/packer-builder-amazon-ebs: github.com/mitchellh/packer/packer/rpc.(*Server).Serve(0xc21007c5c0)
2014/09/09 20:32:15 /usr/local/packer-0.5.1/packer-builder-amazon-ebs: 	/Users/mitchellh/code/go/src/github.com/mitchellh/packer/packer/rpc/server.go:148 +0x16a
2014/09/09 20:32:15 /usr/local/packer-0.5.1/packer-builder-amazon-ebs: main.main()
2014/09/09 20:32:15 /usr/local/packer-0.5.1/packer-builder-amazon-ebs: 	/Users/mitchellh/code/go/src/github.com/mitchellh/packer/plugin/builder-amazon-ebs/main.go:14 +0xb1
2014/09/09 20:32:15 /usr/local/packer-0.5.1/packer-builder-amazon-ebs: 
2014/09/09 20:32:15 /usr/local/packer-0.5.1/packer-builder-amazon-ebs: goroutine 3 [syscall]:
2014/09/09 20:32:15 /usr/local/packer-0.5.1/packer-builder-amazon-ebs: os/signal.loop()
2014/09/09 20:32:15 /usr/local/packer-0.5.1/packer-builder-amazon-ebs: 	/Users/mitchellh/go/src/pkg/os/signal/signal_unix.go:21 +0x1e
2014/09/09 20:32:15 /usr/local/packer-0.5.1/packer-builder-amazon-ebs: created by os/signal.init·1
2014/09/09 20:32:15 /usr/local/packer-0.5.1/packer-builder-amazon-ebs: 	/Users/mitchellh/go/src/pkg/os/signal/signal_unix.go:27 +0x31
2014/09/09 20:32:15 /usr/local/packer-0.5.1/packer-builder-amazon-ebs: 
2014/09/09 20:32:15 /usr/local/packer-0.5.1/packer-builder-amazon-ebs: goroutine 5 [chan receive]:
2014/09/09 20:32:15 /usr/local/packer-0.5.1/packer-builder-amazon-ebs: github.com/mitchellh/packer/packer/plugin.func·023()
2014/09/09 20:32:15 /usr/local/packer-0.5.1/packer-builder-amazon-ebs: 	/Users/mitchellh/code/go/src/github.com/mitchellh/packer/packer/plugin/server.go:95 +0x59
2014/09/09 20:32:15 /usr/local/packer-0.5.1/packer-builder-amazon-ebs: created by github.com/mitchellh/packer/packer/plugin.Server
2014/09/09 20:32:15 /usr/local/packer-0.5.1/packer-builder-amazon-ebs: 	/Users/mitchellh/code/go/src/github.com/mitchellh/packer/packer/plugin/server.go:99 +0xaf3
2014/09/09 20:32:15 /usr/local/packer-0.5.1/packer-builder-amazon-ebs: 
2014/09/09 20:32:15 /usr/local/packer-0.5.1/packer-builder-amazon-ebs: goroutine 6 [runnable]:
2014/09/09 20:32:15 /usr/local/packer-0.5.1/packer-builder-amazon-ebs: github.com/mitchellh/packer/packer/rpc.(*MuxConn).cleaner(0xc210051ee0)
2014/09/09 20:32:15 /usr/local/packer-0.5.1/packer-builder-amazon-ebs: 	/Users/mitchellh/code/go/src/github.com/mitchellh/packer/packer/rpc/muxconn.go:222 +0x3b5
2014/09/09 20:32:15 /usr/local/packer-0.5.1/packer-builder-amazon-ebs: created by github.com/mitchellh/packer/packer/rpc.NewMuxConn
2014/09/09 20:32:15 /usr/local/packer-0.5.1/packer-builder-amazon-ebs: 	/Users/mitchellh/code/go/src/github.com/mitchellh/packer/packer/rpc/muxconn.go:71 +0xdd
2014/09/09 20:32:15 /usr/local/packer-0.5.1/packer-builder-amazon-ebs: 
2014/09/09 20:32:15 /usr/local/packer-0.5.1/packer-builder-amazon-ebs: goroutine 8 [chan receive]:
2014/09/09 20:32:15 /usr/local/packer-0.5.1/packer-builder-amazon-ebs: github.com/mitchellh/packer/packer/rpc.func·005()
2014/09/09 20:32:15 /usr/local/packer-0.5.1/packer-builder-amazon-ebs: 	/Users/mitchellh/code/go/src/github.com/mitchellh/packer/packer/rpc/muxconn.go:510 +0x5f
2014/09/09 20:32:15 /usr/local/packer-0.5.1/packer-builder-amazon-ebs: created by github.com/mitchellh/packer/packer/rpc.newStream
2014/09/09 20:32:15 /usr/local/packer-0.5.1/packer-builder-amazon-ebs: 	/Users/mitchellh/code/go/src/github.com/mitchellh/packer/packer/rpc/muxconn.go:521 +0x169
2014/09/09 20:32:15 /usr/local/packer-0.5.1/packer-builder-amazon-ebs: 
2014/09/09 20:32:15 /usr/local/packer-0.5.1/packer-builder-amazon-ebs: goroutine 25 [select]:
2014/09/09 20:32:15 /usr/local/packer-0.5.1/packer-builder-amazon-ebs: github.com/mitchellh/packer/common.(*StepProvision).Run(0xc2100cd6b0, 0x7f2398dd7488, 0xc2100d57e0, 0x0)
2014/09/09 20:32:15 /usr/local/packer-0.5.1/packer-builder-amazon-ebs: 	/Users/mitchellh/code/go/src/github.com/mitchellh/packer/common/step_provision.go:41 +0x539
2014/09/09 20:32:15 /usr/local/packer-0.5.1/packer-builder-amazon-ebs: github.com/mitchellh/multistep.(*BasicRunner).Run(0xc2100c6000, 0x7f2398dd7488, 0xc2100d57e0)
2014/09/09 20:32:15 /usr/local/packer-0.5.1/packer-builder-amazon-ebs: 	/Users/mitchellh/code/go/src/github.com/mitchellh/multistep/basic_runner.go:70 +0x341
2014/09/09 20:32:15 /usr/local/packer-0.5.1/packer-builder-amazon-ebs: github.com/mitchellh/packer/builder/amazon/ebs.(*Builder).Run(0xc21005c6c0, 0x7f2398dd71c0, 0xc21007cc60, 0x7f2398dd7208, 0xc2100cd660, ...)
2014/09/09 20:32:15 /usr/local/packer-0.5.1/packer-builder-amazon-ebs: 	/Users/mitchellh/code/go/src/github.com/mitchellh/packer/builder/amazon/ebs/builder.go:140 +0xbc8
2014/09/09 20:32:15 /usr/local/packer-0.5.1/packer-builder-amazon-ebs: github.com/mitchellh/packer/packer/rpc.(*BuilderServer).Run(0xc21007c600, 0x1, 0xc2100d6418, 0x0, 0x0)
2014/09/09 20:32:15 /usr/local/packer-0.5.1/packer-builder-amazon-ebs: 	/Users/mitchellh/code/go/src/github.com/mitchellh/packer/packer/rpc/builder.go:93 +0x28b
2014/09/09 20:32:15 /usr/local/packer-0.5.1/packer-builder-amazon-ebs: reflect.Value.call(0x726b80, 0x77ad10, 0x130, 0x7cc820, 0x4, ...)
2014/09/09 20:32:15 /usr/local/packer-0.5.1/packer-builder-amazon-ebs: 	/Users/mitchellh/go/src/pkg/reflect/value.go:474 +0xe0b
2014/09/09 20:32:15 /usr/local/packer-0.5.1/packer-builder-amazon-ebs: reflect.Value.Call(0x726b80, 0x77ad10, 0x130, 0x7f2398af2ee8, 0x3, ...)
2014/09/09 20:32:15 /usr/local/packer-0.5.1/packer-builder-amazon-ebs: 	/Users/mitchellh/go/src/pkg/reflect/value.go:345 +0x9d
2014/09/09 20:32:15 /usr/local/packer-0.5.1/packer-builder-amazon-ebs: net/rpc.(*service).call(0xc2100579c0, 0xc210057980, 0xc210000468, 0xc210062b00, 0xc21007cf60, ...)
2014/09/09 20:32:15 /usr/local/packer-0.5.1/packer-builder-amazon-ebs: 	/Users/mitchellh/go/src/pkg/net/rpc/server.go:381 +0x159
2014/09/09 20:32:15 /usr/local/packer-0.5.1/packer-builder-amazon-ebs: created by net/rpc.(*Server).ServeCodec
2014/09/09 20:32:15 /usr/local/packer-0.5.1/packer-builder-amazon-ebs: 	/Users/mitchellh/go/src/pkg/net/rpc/server.go:452 +0x3bb
2014/09/09 20:32:15 /usr/local/packer-0.5.1/packer-builder-amazon-ebs: 
2014/09/09 20:32:15 /usr/local/packer-0.5.1/packer-builder-amazon-ebs: goroutine 27 [semacquire]:
2014/09/09 20:32:15 /usr/local/packer-0.5.1/packer-builder-amazon-ebs: sync.runtime_Syncsemacquire(0xc21007a880)
2014/09/09 20:32:15 /usr/local/packer-0.5.1/packer-builder-amazon-ebs: 	/Users/mitchellh/go/src/pkg/runtime/sema.goc:257 +0xca
2014/09/09 20:32:15 /usr/local/packer-0.5.1/packer-builder-amazon-ebs: sync.(*Cond).Wait(0xc21007a870)
2014/09/09 20:32:15 /usr/local/packer-0.5.1/packer-builder-amazon-ebs: 	/Users/mitchellh/go/src/pkg/sync/cond.go:62 +0x89
2014/09/09 20:32:15 /usr/local/packer-0.5.1/packer-builder-amazon-ebs: io.(*pipe).read(0xc21007a840, 0xc2100c3000, 0x1000, 0x1000, 0x0, ...)
2014/09/09 20:32:15 /usr/local/packer-0.5.1/packer-builder-amazon-ebs: 	/Users/mitchellh/go/src/pkg/io/pipe.go:52 +0x245
2014/09/09 20:32:15 /usr/local/packer-0.5.1/packer-builder-amazon-ebs: io.(*PipeReader).Read(0xc2100d6428, 0xc2100c3000, 0x1000, 0x1000, 0xbfa518, ...)
2014/09/09 20:32:15 /usr/local/packer-0.5.1/packer-builder-amazon-ebs: 	/Users/mitchellh/go/src/pkg/io/pipe.go:134 +0x5f
2014/09/09 20:32:15 /usr/local/packer-0.5.1/packer-builder-amazon-ebs: github.com/mitchellh/packer/packer/rpc.(*Stream).Read(0xc2100cc840, 0xc2100c3000, 0x1000, 0x1000, 0x0, ...)
2014/09/09 20:32:15 /usr/local/packer-0.5.1/packer-builder-amazon-ebs: 	/Users/mitchellh/code/go/src/github.com/mitchellh/packer/packer/rpc/muxconn.go:545 +0x53
2014/09/09 20:32:15 /usr/local/packer-0.5.1/packer-builder-amazon-ebs: bufio.(*Reader).fill(0xc2100cc8a0)
2014/09/09 20:32:15 /usr/local/packer-0.5.1/packer-builder-amazon-ebs: 	/Users/mitchellh/go/src/pkg/bufio/bufio.go:91 +0x110
2014/09/09 20:32:15 /usr/local/packer-0.5.1/packer-builder-amazon-ebs: bufio.(*Reader).Read(0xc2100cc8a0, 0xc2100cd640, 0x1, 0x9, 0x1, ...)
2014/09/09 20:32:15 /usr/local/packer-0.5.1/packer-builder-amazon-ebs: 	/Users/mitchellh/go/src/pkg/bufio/bufio.go:159 +0x1a4
2014/09/09 20:32:15 /usr/local/packer-0.5.1/packer-builder-amazon-ebs: io.ReadAtLeast(0x7f2398dd6ae8, 0xc2100cc8a0, 0xc2100cd640, 0x1, 0x9, ...)
2014/09/09 20:32:15 /usr/local/packer-0.5.1/packer-builder-amazon-ebs: 	/Users/mitchellh/go/src/pkg/io/io.go:288 +0xf6
2014/09/09 20:32:15 /usr/local/packer-0.5.1/packer-builder-amazon-ebs: io.ReadFull(0x7f2398dd6ae8, 0xc2100cc8a0, 0xc2100cd640, 0x1, 0x9, ...)
2014/09/09 20:32:15 /usr/local/packer-0.5.1/packer-builder-amazon-ebs: 	/Users/mitchellh/go/src/pkg/io/io.go:306 +0x71
2014/09/09 20:32:15 /usr/local/packer-0.5.1/packer-builder-amazon-ebs: encoding/gob.decodeUintReader(0x7f2398dd6ae8, 0xc2100cc8a0, 0xc2100cd640, 0x9, 0x9, ...)
2014/09/09 20:32:15 /usr/local/packer-0.5.1/packer-builder-amazon-ebs: 	/Users/mitchellh/go/src/pkg/encoding/gob/decode.go:66 +0x98
2014/09/09 20:32:15 /usr/local/packer-0.5.1/packer-builder-amazon-ebs: encoding/gob.(*Decoder).recvMessage(0xc21007b1e0, 0xc21007b21c)
2014/09/09 20:32:15 /usr/local/packer-0.5.1/packer-builder-amazon-ebs: 	/Users/mitchellh/go/src/pkg/encoding/gob/decoder.go:73 +0x57
2014/09/09 20:32:15 /usr/local/packer-0.5.1/packer-builder-amazon-ebs: encoding/gob.(*Decoder).decodeTypeSequence(0xc21007b1e0, 0xc2100d5900, 0x160)
2014/09/09 20:32:15 /usr/local/packer-0.5.1/packer-builder-amazon-ebs: 	/Users/mitchellh/go/src/pkg/encoding/gob/decoder.go:159 +0x49
2014/09/09 20:32:15 /usr/local/packer-0.5.1/packer-builder-amazon-ebs: encoding/gob.(*Decoder).DecodeValue(0xc21007b1e0, 0x6a35e0, 0xc2100d5990, 0x160, 0x0, ...)
2014/09/09 20:32:15 /usr/local/packer-0.5.1/packer-builder-amazon-ebs: 	/Users/mitchellh/go/src/pkg/encoding/gob/decoder.go:223 +0x12e
2014/09/09 20:32:15 /usr/local/packer-0.5.1/packer-builder-amazon-ebs: encoding/gob.(*Decoder).Decode(0xc21007b1e0, 0x6a35e0, 0xc2100d5990, 0x0, 0x0)
2014/09/09 20:32:15 /usr/local/packer-0.5.1/packer-builder-amazon-ebs: 	/Users/mitchellh/go/src/pkg/encoding/gob/decoder.go:202 +0x1c5
2014/09/09 20:32:15 /usr/local/packer-0.5.1/packer-builder-amazon-ebs: net/rpc.(*gobClientCodec).ReadResponseHeader(0xc2100d5780, 0xc2100d5990, 0xc210219ad0, 0x0)
2014/09/09 20:32:15 /usr/local/packer-0.5.1/packer-builder-amazon-ebs: 	/Users/mitchellh/go/src/pkg/net/rpc/client.go:221 +0x3f
2014/09/09 20:32:15 /usr/local/packer-0.5.1/packer-builder-amazon-ebs: net/rpc.(*Client).input(0xc2100cc900)
2014/09/09 20:32:15 /usr/local/packer-0.5.1/packer-builder-amazon-ebs: 	/Users/mitchellh/go/src/pkg/net/rpc/client.go:107 +0xbf
2014/09/09 20:32:15 /usr/local/packer-0.5.1/packer-builder-amazon-ebs: created by net/rpc.NewClientWithCodec
2014/09/09 20:32:15 /usr/local/packer-0.5.1/packer-builder-amazon-ebs: 	/Users/mitchellh/go/src/pkg/net/rpc/client.go:199 +0x91
2014/09/09 20:32:15 /usr/local/packer-0.5.1/packer-builder-amazon-ebs: 
2014/09/09 20:32:15 /usr/local/packer-0.5.1/packer-builder-amazon-ebs: goroutine 26 [chan receive]:
2014/09/09 20:32:15 /usr/local/packer-0.5.1/packer-builder-amazon-ebs: github.com/mitchellh/packer/packer/rpc.func·005()
2014/09/09 20:32:15 /usr/local/packer-0.5.1/packer-builder-amazon-ebs: 	/Users/mitchellh/code/go/src/github.com/mitchellh/packer/packer/rpc/muxconn.go:510 +0x5f
2014/09/09 20:32:15 /usr/local/packer-0.5.1/packer-builder-amazon-ebs: created by github.com/mitchellh/packer/packer/rpc.newStream
2014/09/09 20:32:15 /usr/local/packer-0.5.1/packer-builder-amazon-ebs: 	/Users/mitchellh/code/go/src/github.com/mitchellh/packer/packer/rpc/muxconn.go:521 +0x169
2014/09/09 20:32:15 /usr/local/packer-0.5.1/packer-builder-amazon-ebs: 
2014/09/09 20:32:15 /usr/local/packer-0.5.1/packer-builder-amazon-ebs: goroutine 28 [select]:
2014/09/09 20:32:15 /usr/local/packer-0.5.1/packer-builder-amazon-ebs: github.com/mitchellh/multistep.func·002()
2014/09/09 20:32:15 /usr/local/packer-0.5.1/packer-builder-amazon-ebs: 	/Users/mitchellh/code/go/src/github.com/mitchellh/multistep/basic_runner.go:53 +0x14d
2014/09/09 20:32:15 /usr/local/packer-0.5.1/packer-builder-amazon-ebs: created by github.com/mitchellh/multistep.(*BasicRunner).Run
2014/09/09 20:32:15 /usr/local/packer-0.5.1/packer-builder-amazon-ebs: 	/Users/mitchellh/code/go/src/github.com/mitchellh/multistep/basic_runner.go:60 +0x218
2014/09/09 20:32:15 /usr/local/packer-0.5.1/packer-builder-amazon-ebs: 
2014/09/09 20:32:15 /usr/local/packer-0.5.1/packer-builder-amazon-ebs: goroutine 71 [semacquire]:
2014/09/09 20:32:15 /usr/local/packer-0.5.1/packer-builder-amazon-ebs: sync.runtime_Syncsemacquire(0xc2103752b8)
2014/09/09 20:32:15 /usr/local/packer-0.5.1/packer-builder-amazon-ebs: 	/Users/mitchellh/go/src/pkg/runtime/sema.goc:257 +0xca
2014/09/09 20:32:15 /usr/local/packer-0.5.1/packer-builder-amazon-ebs: sync.(*Cond).Wait(0xc2103752a8)
2014/09/09 20:32:15 /usr/local/packer-0.5.1/packer-builder-amazon-ebs: 	/Users/mitchellh/go/src/pkg/sync/cond.go:62 +0x89
2014/09/09 20:32:15 /usr/local/packer-0.5.1/packer-builder-amazon-ebs: io.(*pipe).write(0xc210375240, 0xc2103bc000, 0x8000, 0x8000, 0x0, ...)
2014/09/09 20:32:15 /usr/local/packer-0.5.1/packer-builder-amazon-ebs: 	/Users/mitchellh/go/src/pkg/io/pipe.go:94 +0x1fe
2014/09/09 20:32:15 /usr/local/packer-0.5.1/packer-builder-amazon-ebs: io.(*PipeWriter).Write(0xc210236190, 0xc2103bc000, 0x8000, 0x8000, 0x8000, ...)
2014/09/09 20:32:15 /usr/local/packer-0.5.1/packer-builder-amazon-ebs: 	/Users/mitchellh/go/src/pkg/io/pipe.go:161 +0x5f
2014/09/09 20:32:15 /usr/local/packer-0.5.1/packer-builder-amazon-ebs: github.com/mitchellh/packer/packer/rpc.func·005()
2014/09/09 20:32:15 /usr/local/packer-0.5.1/packer-builder-amazon-ebs: 	/Users/mitchellh/code/go/src/github.com/mitchellh/packer/packer/rpc/muxconn.go:517 +0x9f
2014/09/09 20:32:15 /usr/local/packer-0.5.1/packer-builder-amazon-ebs: created by github.com/mitchellh/packer/packer/rpc.newStream
2014/09/09 20:32:15 /usr/local/packer-0.5.1/packer-builder-amazon-ebs: 	/Users/mitchellh/code/go/src/github.com/mitchellh/packer/packer/rpc/muxconn.go:521 +0x169
2014/09/09 20:32:15 /usr/local/packer-0.5.1/packer-builder-amazon-ebs: 
2014/09/09 20:32:15 /usr/local/packer-0.5.1/packer-builder-amazon-ebs: goroutine 65 [IO wait]:
2014/09/09 20:32:15 /usr/local/packer-0.5.1/packer-builder-amazon-ebs: net.runtime_pollWait(0x7f2398dd6648, 0x72, 0x0)
2014/09/09 20:32:15 /usr/local/packer-0.5.1/packer-builder-amazon-ebs: 	/Users/mitchellh/go/src/pkg/runtime/netpoll.goc:116 +0x6a
2014/09/09 20:32:15 /usr/local/packer-0.5.1/packer-builder-amazon-ebs: net.(*pollDesc).Wait(0xc210345060, 0x72, 0x7f2398dd4f88, 0xb)
2014/09/09 20:32:15 /usr/local/packer-0.5.1/packer-builder-amazon-ebs: 	/Users/mitchellh/go/src/pkg/net/fd_poll_runtime.go:81 +0x34
2014/09/09 20:32:15 /usr/local/packer-0.5.1/packer-builder-amazon-ebs: net.(*pollDesc).WaitRead(0xc210345060, 0xb, 0x7f2398dd4f88)
2014/09/09 20:32:15 /usr/local/packer-0.5.1/packer-builder-amazon-ebs: 	/Users/mitchellh/go/src/pkg/net/fd_poll_runtime.go:86 +0x30
2014/09/09 20:32:15 /usr/local/packer-0.5.1/packer-builder-amazon-ebs: net.(*netFD).Read(0xc210345000, 0xc21040c000, 0x1000, 0x1000, 0x0, ...)
2014/09/09 20:32:15 /usr/local/packer-0.5.1/packer-builder-amazon-ebs: 	/Users/mitchellh/go/src/pkg/net/fd_unix.go:204 +0x2a0
2014/09/09 20:32:15 /usr/local/packer-0.5.1/packer-builder-amazon-ebs: net.(*conn).Read(0xc2102367f8, 0xc21040c000, 0x1000, 0x1000, 0x782280, ...)
2014/09/09 20:32:15 /usr/local/packer-0.5.1/packer-builder-amazon-ebs: 	/Users/mitchellh/go/src/pkg/net/net.go:122 +0xc5
2014/09/09 20:32:15 /usr/local/packer-0.5.1/packer-builder-amazon-ebs: bufio.(*Reader).fill(0xc21032dcc0)
2014/09/09 20:32:15 /usr/local/packer-0.5.1/packer-builder-amazon-ebs: 	/Users/mitchellh/go/src/pkg/bufio/bufio.go:91 +0x110
2014/09/09 20:32:15 /usr/local/packer-0.5.1/packer-builder-amazon-ebs: bufio.(*Reader).Read(0xc21032dcc0, 0xc210236050, 0x5, 0x5, 0x5, ...)
2014/09/09 20:32:15 /usr/local/packer-0.5.1/packer-builder-amazon-ebs: 	/Users/mitchellh/go/src/pkg/bufio/bufio.go:159 +0x1a4
2014/09/09 20:32:15 /usr/local/packer-0.5.1/packer-builder-amazon-ebs: code.google.com/p/go.crypto/ssh.(*reader).Read(0xc2103f0c40, 0xc210236050, 0x5, 0x5, 0x8, ...)
2014/09/09 20:32:15 /usr/local/packer-0.5.1/packer-builder-amazon-ebs: 	/Users/mitchellh/code/go/src/code.google.com/p/go.crypto/ssh/agent.go:1 +0x68
2014/09/09 20:32:15 /usr/local/packer-0.5.1/packer-builder-amazon-ebs: io.ReadAtLeast(0x7f2398df3050, 0xc2103f0c40, 0xc210236050, 0x5, 0x5, ...)
2014/09/09 20:32:15 /usr/local/packer-0.5.1/packer-builder-amazon-ebs: 	/Users/mitchellh/go/src/pkg/io/io.go:288 +0xf6
2014/09/09 20:32:15 /usr/local/packer-0.5.1/packer-builder-amazon-ebs: io.ReadFull(0x7f2398df3050, 0xc2103f0c40, 0xc210236050, 0x5, 0x5, ...)
2014/09/09 20:32:15 /usr/local/packer-0.5.1/packer-builder-amazon-ebs: 	/Users/mitchellh/go/src/pkg/io/io.go:306 +0x71
2014/09/09 20:32:15 /usr/local/packer-0.5.1/packer-builder-amazon-ebs: code.google.com/p/go.crypto/ssh.(*reader).readPacket(0xc2103f0c40, 0x2800000001, 0x412cf1, 0xc2100fe038, 0x7f2398ae8e30, ...)
2014/09/09 20:32:15 /usr/local/packer-0.5.1/packer-builder-amazon-ebs: 	/Users/mitchellh/code/go/src/code.google.com/p/go.crypto/ssh/transport.go:111 +0xc3
2014/09/09 20:32:15 /usr/local/packer-0.5.1/packer-builder-amazon-ebs: code.google.com/p/go.crypto/ssh.(*transport).readPacket(0xc2103f0c40, 0xc21006d0e8, 0xc200000000, 0x100409986, 0xc21006d000, ...)
2014/09/09 20:32:15 /usr/local/packer-0.5.1/packer-builder-amazon-ebs: 	/Users/mitchellh/code/go/src/code.google.com/p/go.crypto/ssh/transport.go:174 +0x32
2014/09/09 20:32:15 /usr/local/packer-0.5.1/packer-builder-amazon-ebs: code.google.com/p/go.crypto/ssh.(*ClientConn).mainLoop(0xc210409480)
2014/09/09 20:32:15 /usr/local/packer-0.5.1/packer-builder-amazon-ebs: 	/Users/mitchellh/code/go/src/code.google.com/p/go.crypto/ssh/client.go:189 +0x7b
2014/09/09 20:32:15 /usr/local/packer-0.5.1/packer-builder-amazon-ebs: created by code.google.com/p/go.crypto/ssh.clientWithAddress
2014/09/09 20:32:15 /usr/local/packer-0.5.1/packer-builder-amazon-ebs: 	/Users/mitchellh/code/go/src/code.google.com/p/go.crypto/ssh/client.go:53 +0x242
2014/09/09 20:32:15 /usr/local/packer-0.5.1/packer-builder-amazon-ebs: 
2014/09/09 20:32:15 /usr/local/packer-0.5.1/packer-builder-amazon-ebs: goroutine 68 [chan receive]:
2014/09/09 20:32:15 /usr/local/packer-0.5.1/packer-builder-amazon-ebs: github.com/mitchellh/packer/packer/rpc.func·005()
2014/09/09 20:32:15 /usr/local/packer-0.5.1/packer-builder-amazon-ebs: 	/Users/mitchellh/code/go/src/github.com/mitchellh/packer/packer/rpc/muxconn.go:510 +0x5f
2014/09/09 20:32:15 /usr/local/packer-0.5.1/packer-builder-amazon-ebs: created by github.com/mitchellh/packer/packer/rpc.newStream
2014/09/09 20:32:15 /usr/local/packer-0.5.1/packer-builder-amazon-ebs: 	/Users/mitchellh/code/go/src/github.com/mitchellh/packer/packer/rpc/muxconn.go:521 +0x169
2014/09/09 20:32:15 /usr/local/packer-0.5.1/packer-builder-amazon-ebs: 
2014/09/09 20:32:15 /usr/local/packer-0.5.1/packer-builder-amazon-ebs: goroutine 67 [semacquire]:
2014/09/09 20:32:15 /usr/local/packer-0.5.1/packer-builder-amazon-ebs: sync.runtime_Syncsemacquire(0xc210375100)
2014/09/09 20:32:15 /usr/local/packer-0.5.1/packer-builder-amazon-ebs: 	/Users/mitchellh/go/src/pkg/runtime/sema.goc:257 +0xca
2014/09/09 20:32:15 /usr/local/packer-0.5.1/packer-builder-amazon-ebs: sync.(*Cond).Wait(0xc2103750f0)
2014/09/09 20:32:15 /usr/local/packer-0.5.1/packer-builder-amazon-ebs: 	/Users/mitchellh/go/src/pkg/sync/cond.go:62 +0x89
2014/09/09 20:32:15 /usr/local/packer-0.5.1/packer-builder-amazon-ebs: io.(*pipe).read(0xc2103750c0, 0xc210457000, 0x1000, 0x1000, 0x0, ...)
2014/09/09 20:32:15 /usr/local/packer-0.5.1/packer-builder-amazon-ebs: 	/Users/mitchellh/go/src/pkg/io/pipe.go:52 +0x245
2014/09/09 20:32:15 /usr/local/packer-0.5.1/packer-builder-amazon-ebs: io.(*PipeReader).Read(0xc210236098, 0xc210457000, 0x1000, 0x1000, 0xc21004cad8, ...)
2014/09/09 20:32:15 /usr/local/packer-0.5.1/packer-builder-amazon-ebs: 	/Users/mitchellh/go/src/pkg/io/pipe.go:134 +0x5f
2014/09/09 20:32:15 /usr/local/packer-0.5.1/packer-builder-amazon-ebs: github.com/mitchellh/packer/packer/rpc.(*Stream).Read(0xc2101d8f00, 0xc210457000, 0x1000, 0x1000, 0xc21031e3f0, ...)
2014/09/09 20:32:15 /usr/local/packer-0.5.1/packer-builder-amazon-ebs: 	/Users/mitchellh/code/go/src/github.com/mitchellh/packer/packer/rpc/muxconn.go:545 +0x53
2014/09/09 20:32:15 /usr/local/packer-0.5.1/packer-builder-amazon-ebs: bufio.(*Reader).fill(0xc2102a8000)
2014/09/09 20:32:15 /usr/local/packer-0.5.1/packer-builder-amazon-ebs: 	/Users/mitchellh/go/src/pkg/bufio/bufio.go:91 +0x110
2014/09/09 20:32:15 /usr/local/packer-0.5.1/packer-builder-amazon-ebs: bufio.(*Reader).Read(0xc2102a8000, 0xc21023ad70, 0x1, 0x9, 0x1, ...)
2014/09/09 20:32:15 /usr/local/packer-0.5.1/packer-builder-amazon-ebs: 	/Users/mitchellh/go/src/pkg/bufio/bufio.go:159 +0x1a4
2014/09/09 20:32:15 /usr/local/packer-0.5.1/packer-builder-amazon-ebs: io.ReadAtLeast(0x7f2398dd6ae8, 0xc2102a8000, 0xc21023ad70, 0x1, 0x9, ...)
2014/09/09 20:32:15 /usr/local/packer-0.5.1/packer-builder-amazon-ebs: 	/Users/mitchellh/go/src/pkg/io/io.go:288 +0xf6
2014/09/09 20:32:15 /usr/local/packer-0.5.1/packer-builder-amazon-ebs: io.ReadFull(0x7f2398dd6ae8, 0xc2102a8000, 0xc21023ad70, 0x1, 0x9, ...)
2014/09/09 20:32:15 /usr/local/packer-0.5.1/packer-builder-amazon-ebs: 	/Users/mitchellh/go/src/pkg/io/io.go:306 +0x71
2014/09/09 20:32:15 /usr/local/packer-0.5.1/packer-builder-amazon-ebs: encoding/gob.decodeUintReader(0x7f2398dd6ae8, 0xc2102a8000, 0xc21023ad70, 0x9, 0x9, ...)
2014/09/09 20:32:15 /usr/local/packer-0.5.1/packer-builder-amazon-ebs: 	/Users/mitchellh/go/src/pkg/encoding/gob/decode.go:66 +0x98
2014/09/09 20:32:15 /usr/local/packer-0.5.1/packer-builder-amazon-ebs: encoding/gob.(*Decoder).recvMessage(0xc2103f70f0, 0xc2103f712c)
2014/09/09 20:32:15 /usr/local/packer-0.5.1/packer-builder-amazon-ebs: 	/Users/mitchellh/go/src/pkg/encoding/gob/decoder.go:73 +0x57
2014/09/09 20:32:15 /usr/local/packer-0.5.1/packer-builder-amazon-ebs: encoding/gob.(*Decoder).decodeTypeSequence(0xc2103f70f0, 0xc2102e0d00, 0x160)
2014/09/09 20:32:15 /usr/local/packer-0.5.1/packer-builder-amazon-ebs: 	/Users/mitchellh/go/src/pkg/encoding/gob/decoder.go:159 +0x49
2014/09/09 20:32:15 /usr/local/packer-0.5.1/packer-builder-amazon-ebs: encoding/gob.(*Decoder).DecodeValue(0xc2103f70f0, 0x6a35a0, 0xc2102e0da0, 0x160, 0x0, ...)
2014/09/09 20:32:15 /usr/local/packer-0.5.1/packer-builder-amazon-ebs: 	/Users/mitchellh/go/src/pkg/encoding/gob/decoder.go:223 +0x12e
2014/09/09 20:32:15 /usr/local/packer-0.5.1/packer-builder-amazon-ebs: encoding/gob.(*Decoder).Decode(0xc2103f70f0, 0x6a35a0, 0xc2102e0da0, 0x0, 0x0)
2014/09/09 20:32:15 /usr/local/packer-0.5.1/packer-builder-amazon-ebs: 	/Users/mitchellh/go/src/pkg/encoding/gob/decoder.go:202 +0x1c5
2014/09/09 20:32:15 /usr/local/packer-0.5.1/packer-builder-amazon-ebs: net/rpc.(*gobServerCodec).ReadRequestHeader(0xc2102cdc90, 0xc2102e0da0, 0x41fe31, 0x10)
2014/09/09 20:32:15 /usr/local/packer-0.5.1/packer-builder-amazon-ebs: 	/Users/mitchellh/go/src/pkg/net/rpc/server.go:400 +0x3f
2014/09/09 20:32:15 /usr/local/packer-0.5.1/packer-builder-amazon-ebs: net/rpc.(*Server).readRequestHeader(0xc2101f9b40, 0x7f2398dd6b38, 0xc2102cdc90, 0x0, 0x0, ...)
2014/09/09 20:32:15 /usr/local/packer-0.5.1/packer-builder-amazon-ebs: 	/Users/mitchellh/go/src/pkg/net/rpc/server.go:551 +0x9b
2014/09/09 20:32:15 /usr/local/packer-0.5.1/packer-builder-amazon-ebs: net/rpc.(*Server).readRequest(0xc2101f9b40, 0x7f2398dd6b38, 0xc2102cdc90, 0xc210386980, 0xc2101b5420, ...)
2014/09/09 20:32:15 /usr/local/packer-0.5.1/packer-builder-amazon-ebs: 	/Users/mitchellh/go/src/pkg/net/rpc/server.go:518 +0xa0
2014/09/09 20:32:15 /usr/local/packer-0.5.1/packer-builder-amazon-ebs: net/rpc.(*Server).ServeCodec(0xc2101f9b40, 0x7f2398dd6b38, 0xc2102cdc90)
2014/09/09 20:32:15 /usr/local/packer-0.5.1/packer-builder-amazon-ebs: 	/Users/mitchellh/go/src/pkg/net/rpc/server.go:437 +0x66
2014/09/09 20:32:15 /usr/local/packer-0.5.1/packer-builder-amazon-ebs: net/rpc.(*Server).ServeConn(0xc2101f9b40, 0x7f2398dd6a38, 0xc2101d8f00)
2014/09/09 20:32:15 /usr/local/packer-0.5.1/packer-builder-amazon-ebs: 	/Users/mitchellh/go/src/pkg/net/rpc/server.go:429 +0x140
2014/09/09 20:32:15 /usr/local/packer-0.5.1/packer-builder-amazon-ebs: github.com/mitchellh/packer/packer/rpc.(*Server).Serve(0xc2101f3ac0)
2014/09/09 20:32:15 /usr/local/packer-0.5.1/packer-builder-amazon-ebs: 	/Users/mitchellh/code/go/src/github.com/mitchellh/packer/packer/rpc/server.go:148 +0x16a
2014/09/09 20:32:15 /usr/local/packer-0.5.1/packer-builder-amazon-ebs: created by github.com/mitchellh/packer/packer/rpc.(*hook).Run
2014/09/09 20:32:15 /usr/local/packer-0.5.1/packer-builder-amazon-ebs: 	/Users/mitchellh/code/go/src/github.com/mitchellh/packer/packer/rpc/hook.go:34 +0xc6
2014/09/09 20:32:15 /usr/local/packer-0.5.1/packer-builder-amazon-ebs: 
2014/09/09 20:32:15 /usr/local/packer-0.5.1/packer-builder-amazon-ebs: goroutine 70 [chan receive]:
2014/09/09 20:32:15 /usr/local/packer-0.5.1/packer-builder-amazon-ebs: code.google.com/p/go.crypto/ssh.(*clientChan).waitForChannelOpenResponse(0xc2102e2690, 0xc210109240, 0x18)
2014/09/09 20:32:15 /usr/local/packer-0.5.1/packer-builder-amazon-ebs: 	/Users/mitchellh/code/go/src/code.google.com/p/go.crypto/ssh/channel.go:497 +0x37
2014/09/09 20:32:15 /usr/local/packer-0.5.1/packer-builder-amazon-ebs: code.google.com/p/go.crypto/ssh.(*ClientConn).NewSession(0xc210409480, 0x1, 0x1, 0x6bf5a0)
2014/09/09 20:32:15 /usr/local/packer-0.5.1/packer-builder-amazon-ebs: 	/Users/mitchellh/code/go/src/code.google.com/p/go.crypto/ssh/session.go:576 +0x1ab
2014/09/09 20:32:15 /usr/local/packer-0.5.1/packer-builder-amazon-ebs: github.com/mitchellh/packer/communicator/ssh.(*comm).newSession(0xc2101fd020, 0x0, 0x0, 0x0)
2014/09/09 20:32:15 /usr/local/packer-0.5.1/packer-builder-amazon-ebs: 	/Users/mitchellh/code/go/src/github.com/mitchellh/packer/communicator/ssh/communicator.go:216 +0x2f1
2014/09/09 20:32:15 /usr/local/packer-0.5.1/packer-builder-amazon-ebs: github.com/mitchellh/packer/communicator/ssh.(*comm).scpSession(0xc2101fd020, 0xc21023ae80, 0xc, 0x7f2398a94b08, 0x0, ...)
2014/09/09 20:32:15 /usr/local/packer-0.5.1/packer-builder-amazon-ebs: 	/Users/mitchellh/code/go/src/github.com/mitchellh/packer/communicator/ssh/communicator.go:265 +0x4d
2014/09/09 20:32:15 /usr/local/packer-0.5.1/packer-builder-amazon-ebs: github.com/mitchellh/packer/communicator/ssh.(*comm).Upload(0xc2101fd020, 0xc21023ae60, 0xf, 0x7f2398dd6a98, 0xc2102a8120, ...)
2014/09/09 20:32:15 /usr/local/packer-0.5.1/packer-builder-amazon-ebs: 	/Users/mitchellh/code/go/src/github.com/mitchellh/packer/communicator/ssh/communicator.go:174 +0x140
2014/09/09 20:32:15 /usr/local/packer-0.5.1/packer-builder-amazon-ebs: github.com/mitchellh/packer/packer/rpc.(*CommunicatorServer).Upload(0xc2101f3b00, 0xc2102e0e60, 0xc21023ae70, 0x0, 0x0)
2014/09/09 20:32:15 /usr/local/packer-0.5.1/packer-builder-amazon-ebs: 	/Users/mitchellh/code/go/src/github.com/mitchellh/packer/packer/rpc/communicator.go:236 +0x124
2014/09/09 20:32:15 /usr/local/packer-0.5.1/packer-builder-amazon-ebs: reflect.Value.call(0x727120, 0x786eb0, 0x130, 0x7cc820, 0x4, ...)
2014/09/09 20:32:15 /usr/local/packer-0.5.1/packer-builder-amazon-ebs: 	/Users/mitchellh/go/src/pkg/reflect/value.go:474 +0xe0b
2014/09/09 20:32:15 /usr/local/packer-0.5.1/packer-builder-amazon-ebs: reflect.Value.Call(0x727120, 0x786eb0, 0x130, 0x7f2398a94ee8, 0x3, ...)
2014/09/09 20:32:15 /usr/local/packer-0.5.1/packer-builder-amazon-ebs: 	/Users/mitchellh/go/src/pkg/reflect/value.go:345 +0x9d
2014/09/09 20:32:15 /usr/local/packer-0.5.1/packer-builder-amazon-ebs: net/rpc.(*service).call(0xc2101f9bc0, 0xc2101f9b40, 0xc2102360e0, 0xc210386980, 0xc2101b5420, ...)
2014/09/09 20:32:15 /usr/local/packer-0.5.1/packer-builder-amazon-ebs: 	/Users/mitchellh/go/src/pkg/net/rpc/server.go:381 +0x159
2014/09/09 20:32:15 /usr/local/packer-0.5.1/packer-builder-amazon-ebs: created by net/rpc.(*Server).ServeCodec
2014/09/09 20:32:15 /usr/local/packer-0.5.1/packer-builder-amazon-ebs: 	/Users/mitchellh/go/src/pkg/net/rpc/server.go:452 +0x3bb
2014/09/09 20:32:15 /usr/local/packer-0.5.1/packer-builder-amazon-ebs: 
2014/09/09 20:32:15 /usr/local/packer-0.5.1/packer-builder-amazon-ebs: goroutine 66 [chan receive]:
2014/09/09 20:32:15 /usr/local/packer-0.5.1/packer-builder-amazon-ebs: net/rpc.(*Client).Call(0xc2100cc900, 0x7e5c50, 0x8, 0x6a24e0, 0xc2101bd150, ...)
2014/09/09 20:32:15 /usr/local/packer-0.5.1/packer-builder-amazon-ebs: 	/Users/mitchellh/go/src/pkg/net/rpc/client.go:313 +0xa6
2014/09/09 20:32:15 /usr/local/packer-0.5.1/packer-builder-amazon-ebs: github.com/mitchellh/packer/packer/rpc.(*hook).Run(0xc2100cd660, 0x818a30, 0x10, 0x7f2398dd71c0, 0xc21007cc60, ...)
2014/09/09 20:32:15 /usr/local/packer-0.5.1/packer-builder-amazon-ebs: 	/Users/mitchellh/code/go/src/github.com/mitchellh/packer/packer/rpc/hook.go:42 +0x1a5
2014/09/09 20:32:15 /usr/local/packer-0.5.1/packer-builder-amazon-ebs: github.com/mitchellh/packer/common.func·006()
2014/09/09 20:32:15 /usr/local/packer-0.5.1/packer-builder-amazon-ebs: 	/Users/mitchellh/code/go/src/github.com/mitchellh/packer/common/step_provision.go:37 +0x7d
2014/09/09 20:32:15 /usr/local/packer-0.5.1/packer-builder-amazon-ebs: created by github.com/mitchellh/packer/common.(*StepProvision).Run
2014/09/09 20:32:15 /usr/local/packer-0.5.1/packer-builder-amazon-ebs: 	/Users/mitchellh/code/go/src/github.com/mitchellh/packer/common/step_provision.go:38 +0x2d9
2014/09/09 20:32:15 [INFO] 134479872 bytes written for 'uploadData'
2014/09/09 20:32:15 [ERR] 'uploadData' copy error: write unix /tmp/packer-plugin699707154: broken pipe
2014/09/09 20:32:15 [ERR] Error reading stream direction: read unix /tmp/packer-plugin699707154: connection reset by peer
2014/09/09 20:32:15 [INFO] Mux connection loop exiting
2014/09/09 20:32:15 /usr/local/packer-0.5.1/packer-builder-amazon-ebs: plugin process exited
2014/09/09 20:32:15 ui error: [1;31mBuild 'amazon-ebs' errored: unexpected EOF[0m
2014/09/09 20:32:15 /usr/local/packer-0.5.1/packer-command-build: 2014/09/09 20:32:15 Builds completed. Waiting on interrupt barrier...
2014/09/09 20:32:15 Error in Ui RPC call: connection is shut down
2014/09/09 20:32:15 machine readable: error-count []string{"1"}
2014/09/09 20:32:15 /usr/local/packer-0.5.1/packer-provisioner-file: 2014/09/09 20:32:15 [INFO] 138051584 bytes written for 'uploadData'
2014/09/09 20:32:15 /usr/local/packer-0.5.1/packer-provisioner-file: 2014/09/09 20:32:15 [ERR] 'uploadData' copy error: read nodejs.tar: bad file descriptor
2014/09/09 20:32:15 [INFO] 138051584 bytes written for 'uploadData'
2014/09/09 20:32:15 /usr/local/packer-0.5.1/packer-command-build: 2014/09/09 20:32:15 [INFO] 138051584 bytes written for 'uploadData'
2014/09/09 20:32:15 ui error: 
==> Some builds didn't complete successfully and had errors:
2014/09/09 20:32:15 machine readable: amazon-ebs,error []string{"unexpected EOF"}
2014/09/09 20:32:15 ui error: --> amazon-ebs: unexpected EOF
2014/09/09 20:32:15 ui: 
==> Builds finished but no artifacts were created.
2014/09/09 20:32:15 waiting for all plugin processes to complete...
2014/09/09 20:32:15 [ERR] Error reading stream direction: EOF
2014/09/09 20:32:15 [INFO] Mux connection loop exiting
2014/09/09 20:32:15 [ERR] Error reading stream direction: EOF
2014/09/09 20:32:15 [INFO] Mux connection loop exiting
2014/09/09 20:32:15 /usr/local/packer-0.5.1/packer-command-build: plugin process exited
2014/09/09 20:32:15 /usr/local/packer-0.5.1/packer-provisioner-file: plugin process exited
